<?xml version="1.0" encoding="UTF-8"?>
<!-- Generated by org.testng.reporters.JUnitReportReporter -->
<testsuite hostname="MAVBCP2622" failures="0" tests="4" name="mav.org.FireFox" time="4.999" errors="0" timestamp="2021-07-05T13:43:48 IST" skipped="0">
  <testcase classname="mav.org.FireFox" name="login" time="0.855"/>
  <system-out/>
  <testcase classname="mav.org.FireFox" name="hotel" time="2.749"/>
  <system-out/>
  <testcase classname="mav.org.FireFox" name="info" time="0.210"/>
  <system-out/>
  <testcase classname="mav.org.FireFox" name="payment" time="1.185"/>
  <system-out/>
</testsuite> <!-- mav.org.FireFox -->
