<?xml version="1.0" encoding="UTF-8"?>
<!-- Generated by org.testng.reporters.JUnitReportReporter -->
<testsuite hostname="MAVBCP2622" failures="0" tests="4" name="mav.org.Chrome" time="9.329" errors="0" timestamp="2021-07-05T13:43:48 IST" skipped="0">
  <testcase classname="mav.org.Chrome" name="login" time="1.424"/>
  <system-out/>
  <testcase classname="mav.org.Chrome" name="hotel" time="5.473"/>
  <system-out/>
  <testcase classname="mav.org.Chrome" name="info" time="0.809"/>
  <system-out/>
  <testcase classname="mav.org.Chrome" name="payment" time="1.623"/>
  <system-out/>
</testsuite> <!-- mav.org.Chrome -->
